<?xml version="1.0" encoding="UTF-8"?>
<!-- Generated by org.testng.reporters.JUnitReportReporter -->
<testsuite hostname="VidushiMishra" name="com.clavax.novusloyalty_automation.homepage.VerifyHomePageLoadedSuccessfully" tests="1" failures="0" timestamp="5 Jun 2018 18:01:02 GMT" time="6.435" errors="0">
  <testcase name="verifyHomePageLoadedSuccessfully" time="6.435" classname="com.clavax.novusloyalty_automation.homepage.VerifyHomePageLoadedSuccessfully"/>
</testsuite> <!-- com.clavax.novusloyalty_automation.homepage.VerifyHomePageLoadedSuccessfully -->
