<?xml version="1.0" encoding="UTF-8"?>
<!-- Generated by org.testng.reporters.JUnitReportReporter -->
<testsuite hostname="VidushiMishra" name="com.clavax.novusloyalty_automation.registrationpage.TC002_VerifyRegistrationPage" tests="1" failures="0" timestamp="7 Jun 2018 19:12:31 GMT" time="72.664" errors="0">
  <testcase name="VerifyRegistrationPage" time="72.664" classname="com.clavax.novusloyalty_automation.registrationpage.TC002_VerifyRegistrationPage"/>
</testsuite> <!-- com.clavax.novusloyalty_automation.registrationpage.TC002_VerifyRegistrationPage -->
