<?xml version="1.0" encoding="UTF-8"?>
<!-- Generated by org.testng.reporters.JUnitReportReporter -->
<testsuite hostname="VidushiMishra" name="com.clavax.novusloyalty_automation.homepage.TC001_VerifyHomePageLoadedSuccessfully" tests="1" failures="0" timestamp="7 Jun 2018 17:38:35 GMT" time="66.261" errors="0">
  <testcase name="verifyHomePageLoadedSuccessfully" time="66.261" classname="com.clavax.novusloyalty_automation.homepage.TC001_VerifyHomePageLoadedSuccessfully"/>
</testsuite> <!-- com.clavax.novusloyalty_automation.homepage.TC001_VerifyHomePageLoadedSuccessfully -->
