<?xml version="1.0" encoding="UTF-8"?>
<!-- Generated by org.testng.reporters.JUnitReportReporter -->
<testsuite hostname="VidushiMishra" name="com.clavax.novusloyalty_automation.loginpage.TC003_VerifyValidLogin" tests="1" failures="0" timestamp="7 Jun 2018 19:40:54 GMT" time="134.527" errors="0">
  <testcase name="VerifyValidLogin" time="134.527" classname="com.clavax.novusloyalty_automation.loginpage.TC003_VerifyValidLogin"/>
</testsuite> <!-- com.clavax.novusloyalty_automation.loginpage.TC003_VerifyValidLogin -->
